{"name": "test_authorizationError", "status": "failed", "statusDetails": {"message": "AssertionError: assert 'Loogin' == ''\n  \n  + Loogin", "trace": "browser = <selenium.webdriver.chrome.webdriver.WebDriver (session=\"f9f6be2547263629afb13fcb1fcf6090\")>\n\n    @allure.feature('Registration')\n    @allure.story('Registartion to the system')\n    def test_authorizationError(browser):\n        with allure.step('Open browser'):\n            authorization_page = AuthorizationPage(browser)\n        with allure.step('Open browser'):\n            authorization_page.open()\n        with allure.step('Check the text'):\n>           assert \"Loogin\" == authorization_page.login_button().text\nE           AssertionError: assert 'Loogin' == ''\nE             \nE             + Loogin\n\ntests/test_authorization.py:33: AssertionError"}, "steps": [{"name": "Open browser", "status": "passed", "start": 1713456814168, "stop": 1713456814168}, {"name": "Open browser", "status": "passed", "start": 1713456814168, "stop": 1713456815351}, {"name": "Check the text", "status": "failed", "statusDetails": {"message": "AssertionError: assert 'Loogin' == ''\n  \n  + Loogin\n", "trace": "  File \"/Users/arman/PycharmProjects/automation_pom2/tests/test_authorization.py\", line 33, in test_authorizationError\n    assert \"Loogin\" == authorization_page.login_button().text\n"}, "start": 1713456815351, "stop": 1713456815372}], "start": 1713456814168, "stop": 1713456815372, "uuid": "4913c22f-c0a8-4235-869e-1706de34f96c", "historyId": "341ec5cc1773cbcb03661d582397730c", "testCaseId": "341ec5cc1773cbcb03661d582397730c", "fullName": "tests.test_authorization#test_authorizationError", "labels": [{"name": "story", "value": "Registartion to the system"}, {"name": "feature", "value": "Registration"}, {"name": "parentSuite", "value": "tests"}, {"name": "suite", "value": "test_authorization"}, {"name": "host", "value": "Armans-MacBook-Air.local"}, {"name": "thread", "value": "40021-MainThread"}, {"name": "framework", "value": "pytest"}, {"name": "language", "value": "cpython3"}, {"name": "package", "value": "tests.test_authorization"}]}