{"name": "test_authorizationError", "status": "failed", "statusDetails": {"message": "AssertionError: assert 'Loogin' == ''\n  \n  + Loogin", "trace": "browser = <selenium.webdriver.chrome.webdriver.WebDriver (session=\"21398b15ae1c75259012b07d6b01ec80\")>\n\n    @allure.feature('Registration')\n    @allure.story('Registartion to the system')\n    def test_authorizationError(browser):\n        authorization_page = AuthorizationPage(browser)\n        authorization_page.open()\n        with allure.step('Check the text'):\n>           assert \"Loogin\" == authorization_page.login_button().text\nE           AssertionError: assert 'Loogin' == ''\nE             \nE             + Loogin\n\ntests/test_authorization.py:30: AssertionError"}, "steps": [{"name": "Check the text", "status": "failed", "statusDetails": {"message": "AssertionError: assert 'Loogin' == ''\n  \n  + Loogin\n", "trace": "  File \"/Users/arman/PycharmProjects/automation_pom2/tests/test_authorization.py\", line 30, in test_authorizationError\n    assert \"Loogin\" == authorization_page.login_button().text\n"}, "start": 1713455890194, "stop": 1713455890212}], "start": 1713455888976, "stop": 1713455890213, "uuid": "c6c14269-c7c1-47d3-a97c-a63d5adc24ec", "historyId": "341ec5cc1773cbcb03661d582397730c", "testCaseId": "341ec5cc1773cbcb03661d582397730c", "fullName": "tests.test_authorization#test_authorizationError", "labels": [{"name": "feature", "value": "Registration"}, {"name": "story", "value": "Registartion to the system"}, {"name": "parentSuite", "value": "tests"}, {"name": "suite", "value": "test_authorization"}, {"name": "host", "value": "Armans-MacBook-Air.local"}, {"name": "thread", "value": "39229-MainThread"}, {"name": "framework", "value": "pytest"}, {"name": "language", "value": "cpython3"}, {"name": "package", "value": "tests.test_authorization"}]}