{"name": "test_authorizationError", "status": "failed", "statusDetails": {"message": "AssertionError: assert 'Loogin' == ''\n  \n  + Loogin", "trace": "browser = <selenium.webdriver.chrome.webdriver.WebDriver (session=\"80fd110238200fe6808916b0debdd5be\")>\n\n    @allure.feature('Registration')\n    def test_authorizationError(browser):\n        authorization_page = AuthorizationPage(browser)\n        authorization_page.open()\n>       assert \"Loogin\" == authorization_page.login_button().text\nE       AssertionError: assert 'Loogin' == ''\nE         \nE         + Loogin\n\ntests/test_authorization.py:29: AssertionError"}, "start": 1713455612725, "stop": 1713455613980, "uuid": "4baa98d3-dcf6-44ae-a50d-6e69e4dfc912", "historyId": "341ec5cc1773cbcb03661d582397730c", "testCaseId": "341ec5cc1773cbcb03661d582397730c", "fullName": "tests.test_authorization#test_authorizationError", "labels": [{"name": "feature", "value": "Registration"}, {"name": "parentSuite", "value": "tests"}, {"name": "suite", "value": "test_authorization"}, {"name": "host", "value": "Armans-MacBook-Air.local"}, {"name": "thread", "value": "38959-MainThread"}, {"name": "framework", "value": "pytest"}, {"name": "language", "value": "cpython3"}, {"name": "package", "value": "tests.test_authorization"}]}