{"name": "test_authorizationError", "status": "failed", "statusDetails": {"message": "AssertionError: assert 'Loogin' == ''\n  \n  + Loogin", "trace": "browser = <selenium.webdriver.chrome.webdriver.WebDriver (session=\"f68d77ec9e17d17292f207ab243d8ffb\")>\n\n    @allure.feature('Registration')\n    def test_authorizationError(browser):\n        authorization_page = AuthorizationPage(browser)\n        authorization_page.open()\n>       assert \"Loogin\" == authorization_page.login_button().text\nE       AssertionError: assert 'Loogin' == ''\nE         \nE         + Loogin\n\ntests/test_authorization.py:28: AssertionError"}, "start": 1713455528802, "stop": 1713455530010, "uuid": "b1be9827-a967-41be-9bbd-3bf315665174", "historyId": "341ec5cc1773cbcb03661d582397730c", "testCaseId": "341ec5cc1773cbcb03661d582397730c", "fullName": "tests.test_authorization#test_authorizationError", "labels": [{"name": "feature", "value": "Registration"}, {"name": "parentSuite", "value": "tests"}, {"name": "suite", "value": "test_authorization"}, {"name": "host", "value": "Armans-MacBook-Air.local"}, {"name": "thread", "value": "38807-MainThread"}, {"name": "framework", "value": "pytest"}, {"name": "language", "value": "cpython3"}, {"name": "package", "value": "tests.test_authorization"}]}