{"name": "test_authorizationError", "status": "failed", "statusDetails": {"message": "AssertionError: assert 'Loogin' == ''\n  \n  + Loogin", "trace": "browser = <selenium.webdriver.chrome.webdriver.WebDriver (session=\"b4be35bfb78df0a0a953a4ae37d6671b\")>\n\n    def test_authorizationError(browser):\n        authorization_page = AuthorizationPage(browser)\n        authorization_page.open()\n>       assert \"Loogin\" == authorization_page.login_button().text\nE       AssertionError: assert 'Loogin' == ''\nE         \nE         + Loogin\n\ntests/test_authorization.py:27: AssertionError"}, "start": 1713455331863, "stop": 1713455333090, "uuid": "3c0b94ab-f858-4870-bab0-871628a37e88", "historyId": "341ec5cc1773cbcb03661d582397730c", "testCaseId": "341ec5cc1773cbcb03661d582397730c", "fullName": "tests.test_authorization#test_authorizationError", "labels": [{"name": "parentSuite", "value": "tests"}, {"name": "suite", "value": "test_authorization"}, {"name": "host", "value": "Armans-MacBook-Air.local"}, {"name": "thread", "value": "38453-MainThread"}, {"name": "framework", "value": "pytest"}, {"name": "language", "value": "cpython3"}, {"name": "package", "value": "tests.test_authorization"}]}