{"uid":"1c28e06caaaf1dc","name":"test_authorizationError","fullName":"tests.test_authorization#test_authorizationError","historyId":"341ec5cc1773cbcb03661d582397730c","time":{"start":1713455986645,"stop":1713455987837,"duration":1192},"status":"failed","statusMessage":"AssertionError: assert 'Loogin' == ''\n  \n  + Loogin","statusTrace":"browser = <selenium.webdriver.chrome.webdriver.WebDriver (session=\"a9b6f8238aff69a2a0594f452b8ce8da\")>\n\n    @allure.feature('Registration')\n    @allure.story('Registartion to the system')\n    def test_authorizationError(browser):\n        with allure.step('Open browser'):\n            authorization_page = AuthorizationPage(browser)\n        with allure.step('Open browser'):\n            authorization_page.open()\n        with allure.step('Check the text'):\n>           assert \"Loogin\" == authorization_page.login_button().text\nE           AssertionError: assert 'Loogin' == ''\nE             \nE             + Loogin\n\ntests/test_authorization.py:32: AssertionError","flaky":false,"newFailed":false,"newBroken":false,"newPassed":false,"retriesCount":6,"retriesStatusChange":false,"beforeStages":[{"name":"browser","time":{"start":1713455985685,"stop":1713455986644,"duration":959},"status":"passed","steps":[],"attachments":[],"parameters":[],"shouldDisplayMessage":false,"attachmentsCount":0,"attachmentStep":false,"stepsCount":0,"hasContent":false}],"testStage":{"status":"failed","statusMessage":"AssertionError: assert 'Loogin' == ''\n  \n  + Loogin","statusTrace":"browser = <selenium.webdriver.chrome.webdriver.WebDriver (session=\"a9b6f8238aff69a2a0594f452b8ce8da\")>\n\n    @allure.feature('Registration')\n    @allure.story('Registartion to the system')\n    def test_authorizationError(browser):\n        with allure.step('Open browser'):\n            authorization_page = AuthorizationPage(browser)\n        with allure.step('Open browser'):\n            authorization_page.open()\n        with allure.step('Check the text'):\n>           assert \"Loogin\" == authorization_page.login_button().text\nE           AssertionError: assert 'Loogin' == ''\nE             \nE             + Loogin\n\ntests/test_authorization.py:32: AssertionError","steps":[{"name":"Open browser","time":{"start":1713455986645,"stop":1713455986645,"duration":0},"status":"passed","steps":[],"attachments":[],"parameters":[],"shouldDisplayMessage":false,"attachmentsCount":0,"attachmentStep":false,"stepsCount":0,"hasContent":false},{"name":"Open browser","time":{"start":1713455986645,"stop":1713455987815,"duration":1170},"status":"passed","steps":[],"attachments":[],"parameters":[],"shouldDisplayMessage":false,"attachmentsCount":0,"attachmentStep":false,"stepsCount":0,"hasContent":false},{"name":"Check the text","time":{"start":1713455987815,"stop":1713455987837,"duration":22},"status":"failed","statusMessage":"AssertionError: assert 'Loogin' == ''\n  \n  + Loogin\n","statusTrace":"  File \"/Users/arman/PycharmProjects/automation_pom2/tests/test_authorization.py\", line 32, in test_authorizationError\n    assert \"Loogin\" == authorization_page.login_button().text\n","steps":[],"attachments":[],"parameters":[],"shouldDisplayMessage":true,"attachmentsCount":0,"attachmentStep":false,"stepsCount":0,"hasContent":true}],"attachments":[],"parameters":[],"shouldDisplayMessage":true,"attachmentsCount":0,"attachmentStep":false,"stepsCount":3,"hasContent":true},"afterStages":[],"labels":[{"name":"story","value":"Registartion to the system"},{"name":"feature","value":"Registration"},{"name":"parentSuite","value":"tests"},{"name":"suite","value":"test_authorization"},{"name":"host","value":"Armans-MacBook-Air.local"},{"name":"thread","value":"39356-MainThread"},{"name":"framework","value":"pytest"},{"name":"language","value":"cpython3"},{"name":"package","value":"tests.test_authorization"},{"name":"resultFormat","value":"allure2"}],"parameters":[],"links":[],"hidden":false,"retry":false,"extra":{"severity":"normal","retries":[{"uid":"232e2e7923974493","status":"failed","statusDetails":"AssertionError: assert 'Loogin' == ''\n  \n  + Loogin","time":{"start":1713455888976,"stop":1713455890213,"duration":1237}},{"uid":"e210a473d68a30dc","status":"failed","statusDetails":"AssertionError: assert 'Loogin' == ''\n  \n  + Loogin","time":{"start":1713455693216,"stop":1713455694463,"duration":1247}},{"uid":"90b047d9dbdbd988","status":"failed","statusDetails":"AssertionError: assert 'Loogin' == ''\n  \n  + Loogin","time":{"start":1713455612725,"stop":1713455613980,"duration":1255}},{"uid":"c78f10606ad02543","status":"failed","statusDetails":"AssertionError: assert 'Loogin' == ''\n  \n  + Loogin","time":{"start":1713455528802,"stop":1713455530010,"duration":1208}},{"uid":"1f9e7fdbccde9dc5","status":"failed","statusDetails":"AssertionError: assert 'Loogin' == ''\n  \n  + Loogin","time":{"start":1713455446364,"stop":1713455447630,"duration":1266}},{"uid":"72250ad957806c67","status":"failed","statusDetails":"AssertionError: assert 'Loogin' == ''\n  \n  + Loogin","time":{"start":1713455331863,"stop":1713455333090,"duration":1227}}],"categories":[{"name":"Product defects","matchedStatuses":[],"flaky":false}],"tags":[]},"source":"1c28e06caaaf1dc.json","parameterValues":[]}