{"uid":"232e2e7923974493","name":"test_authorizationError","fullName":"tests.test_authorization#test_authorizationError","historyId":"341ec5cc1773cbcb03661d582397730c","time":{"start":1713455888976,"stop":1713455890213,"duration":1237},"status":"failed","statusMessage":"AssertionError: assert 'Loogin' == ''\n  \n  + Loogin","statusTrace":"browser = <selenium.webdriver.chrome.webdriver.WebDriver (session=\"21398b15ae1c75259012b07d6b01ec80\")>\n\n    @allure.feature('Registration')\n    @allure.story('Registartion to the system')\n    def test_authorizationError(browser):\n        authorization_page = AuthorizationPage(browser)\n        authorization_page.open()\n        with allure.step('Check the text'):\n>           assert \"Loogin\" == authorization_page.login_button().text\nE           AssertionError: assert 'Loogin' == ''\nE             \nE             + Loogin\n\ntests/test_authorization.py:30: AssertionError","flaky":false,"newFailed":false,"newBroken":false,"newPassed":false,"retriesCount":0,"retriesStatusChange":false,"beforeStages":[{"name":"browser","time":{"start":1713455887971,"stop":1713455888975,"duration":1004},"status":"passed","steps":[],"attachments":[],"parameters":[],"shouldDisplayMessage":false,"attachmentsCount":0,"attachmentStep":false,"stepsCount":0,"hasContent":false}],"testStage":{"status":"failed","statusMessage":"AssertionError: assert 'Loogin' == ''\n  \n  + Loogin","statusTrace":"browser = <selenium.webdriver.chrome.webdriver.WebDriver (session=\"21398b15ae1c75259012b07d6b01ec80\")>\n\n    @allure.feature('Registration')\n    @allure.story('Registartion to the system')\n    def test_authorizationError(browser):\n        authorization_page = AuthorizationPage(browser)\n        authorization_page.open()\n        with allure.step('Check the text'):\n>           assert \"Loogin\" == authorization_page.login_button().text\nE           AssertionError: assert 'Loogin' == ''\nE             \nE             + Loogin\n\ntests/test_authorization.py:30: AssertionError","steps":[{"name":"Check the text","time":{"start":1713455890194,"stop":1713455890212,"duration":18},"status":"failed","statusMessage":"AssertionError: assert 'Loogin' == ''\n  \n  + Loogin\n","statusTrace":"  File \"/Users/arman/PycharmProjects/automation_pom2/tests/test_authorization.py\", line 30, in test_authorizationError\n    assert \"Loogin\" == authorization_page.login_button().text\n","steps":[],"attachments":[],"parameters":[],"shouldDisplayMessage":true,"attachmentsCount":0,"attachmentStep":false,"stepsCount":0,"hasContent":true}],"attachments":[],"parameters":[],"shouldDisplayMessage":true,"attachmentsCount":0,"attachmentStep":false,"stepsCount":1,"hasContent":true},"afterStages":[],"labels":[{"name":"feature","value":"Registration"},{"name":"story","value":"Registartion to the system"},{"name":"parentSuite","value":"tests"},{"name":"suite","value":"test_authorization"},{"name":"host","value":"Armans-MacBook-Air.local"},{"name":"thread","value":"39229-MainThread"},{"name":"framework","value":"pytest"},{"name":"language","value":"cpython3"},{"name":"package","value":"tests.test_authorization"},{"name":"resultFormat","value":"allure2"}],"parameters":[],"links":[],"hidden":true,"retry":true,"extra":{"categories":[],"tags":[]},"source":"232e2e7923974493.json","parameterValues":[]}